[2025-11-27T09:40:05.118+0000] {manager.py:470} INFO - Processing files using up to 2 processes at a time 
[2025-11-27T09:40:05.119+0000] {manager.py:471} INFO - Process each file at most once every 30 seconds
[2025-11-27T09:40:05.119+0000] {manager.py:472} INFO - Checking for new files in /opt/airflow/dags every 300 seconds
[2025-11-27T09:40:05.121+0000] {manager.py:737} INFO - Searching for files in /opt/airflow/dags
[2025-11-27T09:40:05.125+0000] {manager.py:740} INFO - There are 0 files in /opt/airflow/dags
[2025-11-27T09:45:05.564+0000] {manager.py:737} INFO - Searching for files in /opt/airflow/dags
[2025-11-27T09:45:05.838+0000] {manager.py:740} INFO - There are 0 files in /opt/airflow/dags
[2025-11-27T09:50:05.699+0000] {manager.py:737} INFO - Searching for files in /opt/airflow/dags
[2025-11-27T09:50:05.705+0000] {manager.py:740} INFO - There are 0 files in /opt/airflow/dags
[2025-11-27T09:55:05.708+0000] {manager.py:737} INFO - Searching for files in /opt/airflow/dags
[2025-11-27T09:55:05.713+0000] {manager.py:740} INFO - There are 0 files in /opt/airflow/dags
[2025-11-27T10:00:06.187+0000] {manager.py:470} INFO - Processing files using up to 2 processes at a time 
[2025-11-27T10:00:06.189+0000] {manager.py:471} INFO - Process each file at most once every 30 seconds
[2025-11-27T10:00:06.192+0000] {manager.py:472} INFO - Checking for new files in /opt/airflow/dags every 300 seconds
[2025-11-27T10:00:06.194+0000] {manager.py:737} INFO - Searching for files in /opt/airflow/dags
[2025-11-27T10:00:06.198+0000] {manager.py:740} INFO - There are 0 files in /opt/airflow/dags
[2025-11-27T10:03:11.602+0000] {manager.py:452} INFO - Exiting gracefully upon receiving signal 15
[2025-11-27T16:55:03.849+0000] {manager.py:470} INFO - Processing files using up to 2 processes at a time 
[2025-11-27T16:55:03.850+0000] {manager.py:471} INFO - Process each file at most once every 30 seconds
[2025-11-27T16:55:03.851+0000] {manager.py:472} INFO - Checking for new files in /opt/airflow/dags every 300 seconds
[2025-11-27T16:55:03.852+0000] {manager.py:737} INFO - Searching for files in /opt/airflow/dags
[2025-11-27T16:55:03.854+0000] {manager.py:740} INFO - There are 0 files in /opt/airflow/dags
[2025-11-27T17:00:04.366+0000] {manager.py:737} INFO - Searching for files in /opt/airflow/dags
[2025-11-27T17:00:04.369+0000] {manager.py:740} INFO - There are 0 files in /opt/airflow/dags
[2025-11-27T17:05:04.877+0000] {manager.py:737} INFO - Searching for files in /opt/airflow/dags
[2025-11-27T17:05:04.888+0000] {manager.py:740} INFO - There are 0 files in /opt/airflow/dags
[2025-11-27T17:10:05.291+0000] {manager.py:737} INFO - Searching for files in /opt/airflow/dags
[2025-11-27T17:10:05.294+0000] {manager.py:740} INFO - There are 0 files in /opt/airflow/dags
[2025-11-27T17:15:05.733+0000] {manager.py:737} INFO - Searching for files in /opt/airflow/dags
[2025-11-27T17:15:05.736+0000] {manager.py:740} INFO - There are 0 files in /opt/airflow/dags
[2025-11-27T17:20:06.150+0000] {manager.py:737} INFO - Searching for files in /opt/airflow/dags
[2025-11-27T17:20:06.153+0000] {manager.py:740} INFO - There are 0 files in /opt/airflow/dags
[2025-11-27T17:25:06.610+0000] {manager.py:737} INFO - Searching for files in /opt/airflow/dags
[2025-11-27T17:25:06.619+0000] {manager.py:740} INFO - There are 0 files in /opt/airflow/dags
[2025-11-27T17:30:06.669+0000] {manager.py:737} INFO - Searching for files in /opt/airflow/dags
[2025-11-27T17:30:06.677+0000] {manager.py:740} INFO - There are 0 files in /opt/airflow/dags
[2025-11-27T17:35:07.611+0000] {manager.py:737} INFO - Searching for files in /opt/airflow/dags
[2025-11-27T17:35:07.613+0000] {manager.py:740} INFO - There are 0 files in /opt/airflow/dags
[2025-11-27T17:40:08.593+0000] {manager.py:737} INFO - Searching for files in /opt/airflow/dags
[2025-11-27T17:40:14.539+0000] {manager.py:740} INFO - There are 0 files in /opt/airflow/dags
[2025-11-27T17:45:09.402+0000] {manager.py:737} INFO - Searching for files in /opt/airflow/dags
[2025-11-27T17:45:09.693+0000] {manager.py:740} INFO - There are 0 files in /opt/airflow/dags
[2025-11-27T17:46:48.268+0000] {manager.py:470} INFO - Processing files using up to 2 processes at a time 
[2025-11-27T17:46:48.269+0000] {manager.py:471} INFO - Process each file at most once every 30 seconds
[2025-11-27T17:46:48.270+0000] {manager.py:472} INFO - Checking for new files in /opt/airflow/dags every 300 seconds
[2025-11-27T17:46:48.271+0000] {manager.py:737} INFO - Searching for files in /opt/airflow/dags
[2025-11-27T17:46:48.273+0000] {manager.py:740} INFO - There are 0 files in /opt/airflow/dags
[2025-12-01T13:00:17.309+0000] {manager.py:470} INFO - Processing files using up to 2 processes at a time 
[2025-12-01T13:00:17.310+0000] {manager.py:471} INFO - Process each file at most once every 30 seconds
[2025-12-01T13:00:17.310+0000] {manager.py:472} INFO - Checking for new files in /opt/airflow/dags every 300 seconds
[2025-12-01T13:00:17.312+0000] {manager.py:737} INFO - Searching for files in /opt/airflow/dags
[2025-12-01T13:00:17.316+0000] {manager.py:740} INFO - There are 0 files in /opt/airflow/dags
